{"/Users/Chunkywombat/Desktop/src/Unit-2/unit-2-projects/galvanize-q2-group-project/src/server/db/knex.js":{"path":"/Users/Chunkywombat/Desktop/src/Unit-2/unit-2-projects/galvanize-q2-group-project/src/server/db/knex.js","s":{"1":1,"2":1,"3":1},"b":{},"f":{},"fnMap":{},"statementMap":{"1":{"start":{"line":1,"column":0},"end":{"line":1,"column":41}},"2":{"start":{"line":2,"column":0},"end":{"line":2,"column":60}},"3":{"start":{"line":3,"column":0},"end":{"line":3,"column":41}}},"branchMap":{}},"/Users/Chunkywombat/Desktop/src/Unit-2/unit-2-projects/galvanize-q2-group-project/knexfile.js":{"path":"/Users/Chunkywombat/Desktop/src/Unit-2/unit-2-projects/galvanize-q2-group-project/knexfile.js","s":{"1":1,"2":1},"b":{},"f":{},"fnMap":{},"statementMap":{"1":{"start":{"line":1,"column":0},"end":{"line":1,"column":36}},"2":{"start":{"line":3,"column":0},"end":{"line":34,"column":2}}},"branchMap":{}},"/Users/Chunkywombat/Desktop/src/Unit-2/unit-2-projects/galvanize-q2-group-project/src/server/app.js":{"path":"/Users/Chunkywombat/Desktop/src/Unit-2/unit-2-projects/galvanize-q2-group-project/src/server/app.js","s":{"1":1,"2":1,"3":1,"4":1,"5":1,"6":1,"7":1,"8":1,"9":1,"10":1},"b":{},"f":{"1":1},"fnMap":{"1":{"name":"(anonymous_1)","line":1,"loc":{"start":{"line":1,"column":1},"end":{"line":1,"column":12}}}},"statementMap":{"1":{"start":{"line":1,"column":0},"end":{"line":22,"column":5}},"2":{"start":{"line":6,"column":2},"end":{"line":6,"column":37}},"3":{"start":{"line":8,"column":2},"end":{"line":8,"column":55}},"4":{"start":{"line":9,"column":2},"end":{"line":9,"column":58}},"5":{"start":{"line":10,"column":2},"end":{"line":10,"column":58}},"6":{"start":{"line":13,"column":2},"end":{"line":13,"column":24}},"7":{"start":{"line":16,"column":2},"end":{"line":16,"column":31}},"8":{"start":{"line":17,"column":2},"end":{"line":17,"column":24}},"9":{"start":{"line":18,"column":2},"end":{"line":18,"column":24}},"10":{"start":{"line":20,"column":2},"end":{"line":20,"column":23}}},"branchMap":{}},"/Users/Chunkywombat/Desktop/src/Unit-2/unit-2-projects/galvanize-q2-group-project/src/server/config/main-config.js":{"path":"/Users/Chunkywombat/Desktop/src/Unit-2/unit-2-projects/galvanize-q2-group-project/src/server/config/main-config.js","s":{"1":1,"2":1,"3":1,"4":1,"5":1,"6":1,"7":1,"8":1,"9":1,"10":1,"11":1,"12":1,"13":1,"14":1,"15":0,"16":1,"17":1,"18":0,"19":1,"20":1,"21":1,"22":1,"23":1,"24":1,"25":1,"26":1},"b":{"1":[0,1]},"f":{"1":1,"2":1,"3":0},"fnMap":{"1":{"name":"(anonymous_1)","line":1,"loc":{"start":{"line":1,"column":1},"end":{"line":1,"column":21}}},"2":{"name":"(anonymous_2)","line":23,"loc":{"start":{"line":23,"column":19},"end":{"line":23,"column":42}}},"3":{"name":"(anonymous_3)","line":30,"loc":{"start":{"line":30,"column":32},"end":{"line":30,"column":46}}}},"statementMap":{"1":{"start":{"line":1,"column":0},"end":{"line":55,"column":19}},"2":{"start":{"line":6,"column":2},"end":{"line":6,"column":31}},"3":{"start":{"line":7,"column":2},"end":{"line":7,"column":48}},"4":{"start":{"line":8,"column":2},"end":{"line":8,"column":44}},"5":{"start":{"line":9,"column":2},"end":{"line":9,"column":45}},"6":{"start":{"line":10,"column":2},"end":{"line":10,"column":41}},"7":{"start":{"line":11,"column":2},"end":{"line":11,"column":35}},"8":{"start":{"line":12,"column":2},"end":{"line":12,"column":39}},"9":{"start":{"line":13,"column":2},"end":{"line":13,"column":39}},"10":{"start":{"line":16,"column":2},"end":{"line":18,"column":4}},"11":{"start":{"line":21,"column":2},"end":{"line":21,"column":29}},"12":{"start":{"line":23,"column":2},"end":{"line":53,"column":4}},"13":{"start":{"line":26,"column":4},"end":{"line":29,"column":7}},"14":{"start":{"line":30,"column":4},"end":{"line":32,"column":7}},"15":{"start":{"line":31,"column":6},"end":{"line":31,"column":43}},"16":{"start":{"line":33,"column":4},"end":{"line":33,"column":35}},"17":{"start":{"line":36,"column":4},"end":{"line":38,"column":5}},"18":{"start":{"line":37,"column":6},"end":{"line":37,"column":29}},"19":{"start":{"line":39,"column":4},"end":{"line":39,"column":28}},"20":{"start":{"line":40,"column":4},"end":{"line":40,"column":31}},"21":{"start":{"line":41,"column":4},"end":{"line":41,"column":56}},"22":{"start":{"line":43,"column":4},"end":{"line":47,"column":8}},"23":{"start":{"line":48,"column":4},"end":{"line":48,"column":35}},"24":{"start":{"line":49,"column":4},"end":{"line":49,"column":32}},"25":{"start":{"line":50,"column":4},"end":{"line":50,"column":21}},"26":{"start":{"line":51,"column":4},"end":{"line":51,"column":72}}},"branchMap":{"1":{"line":36,"type":"if","locations":[{"start":{"line":36,"column":4},"end":{"line":36,"column":4}},{"start":{"line":36,"column":4},"end":{"line":36,"column":4}}]}}},"/Users/Chunkywombat/Desktop/src/Unit-2/unit-2-projects/galvanize-q2-group-project/src/server/config/route-config.js":{"path":"/Users/Chunkywombat/Desktop/src/Unit-2/unit-2-projects/galvanize-q2-group-project/src/server/config/route-config.js","s":{"1":1,"2":1,"3":1,"4":1,"5":1,"6":1,"7":1,"8":1},"b":{},"f":{"1":1,"2":1},"fnMap":{"1":{"name":"(anonymous_1)","line":1,"loc":{"start":{"line":1,"column":1},"end":{"line":1,"column":24}}},"2":{"name":"(anonymous_2)","line":5,"loc":{"start":{"line":5,"column":21},"end":{"line":5,"column":36}}}},"statementMap":{"1":{"start":{"line":1,"column":0},"end":{"line":19,"column":19}},"2":{"start":{"line":5,"column":2},"end":{"line":17,"column":4}},"3":{"start":{"line":8,"column":4},"end":{"line":8,"column":46}},"4":{"start":{"line":9,"column":4},"end":{"line":9,"column":49}},"5":{"start":{"line":10,"column":4},"end":{"line":10,"column":54}},"6":{"start":{"line":13,"column":4},"end":{"line":13,"column":33}},"7":{"start":{"line":14,"column":4},"end":{"line":14,"column":25}},"8":{"start":{"line":15,"column":4},"end":{"line":15,"column":31}}},"branchMap":{}},"/Users/Chunkywombat/Desktop/src/Unit-2/unit-2-projects/galvanize-q2-group-project/src/server/config/error-config.js":{"path":"/Users/Chunkywombat/Desktop/src/Unit-2/unit-2-projects/galvanize-q2-group-project/src/server/config/error-config.js","s":{"1":1,"2":1,"3":1,"4":0,"5":0,"6":0,"7":1,"8":0,"9":0,"10":1,"11":0},"b":{"1":[0,1],"2":[0,0],"3":[0,0]},"f":{"1":1,"2":1,"3":0,"4":0,"5":0},"fnMap":{"1":{"name":"(anonymous_1)","line":1,"loc":{"start":{"line":1,"column":1},"end":{"line":1,"column":24}}},"2":{"name":"(anonymous_2)","line":7,"loc":{"start":{"line":7,"column":21},"end":{"line":7,"column":36}}},"3":{"name":"(anonymous_3)","line":10,"loc":{"start":{"line":10,"column":12},"end":{"line":10,"column":37}}},"4":{"name":"(anonymous_4)","line":18,"loc":{"start":{"line":18,"column":14},"end":{"line":18,"column":44}}},"5":{"name":"(anonymous_5)","line":27,"loc":{"start":{"line":27,"column":12},"end":{"line":27,"column":42}}}},"statementMap":{"1":{"start":{"line":1,"column":0},"end":{"line":36,"column":19}},"2":{"start":{"line":7,"column":2},"end":{"line":34,"column":4}},"3":{"start":{"line":10,"column":4},"end":{"line":14,"column":7}},"4":{"start":{"line":11,"column":6},"end":{"line":11,"column":41}},"5":{"start":{"line":12,"column":6},"end":{"line":12,"column":23}},"6":{"start":{"line":13,"column":6},"end":{"line":13,"column":16}},"7":{"start":{"line":17,"column":4},"end":{"line":24,"column":5}},"8":{"start":{"line":18,"column":6},"end":{"line":23,"column":9}},"9":{"start":{"line":19,"column":8},"end":{"line":22,"column":11}},"10":{"start":{"line":27,"column":4},"end":{"line":32,"column":7}},"11":{"start":{"line":28,"column":6},"end":{"line":31,"column":9}}},"branchMap":{"1":{"line":17,"type":"if","locations":[{"start":{"line":17,"column":4},"end":{"line":17,"column":4}},{"start":{"line":17,"column":4},"end":{"line":17,"column":4}}]},"2":{"line":19,"type":"binary-expr","locations":[{"start":{"line":19,"column":19},"end":{"line":19,"column":29}},{"start":{"line":19,"column":33},"end":{"line":19,"column":36}}]},"3":{"line":28,"type":"binary-expr","locations":[{"start":{"line":28,"column":17},"end":{"line":28,"column":27}},{"start":{"line":28,"column":31},"end":{"line":28,"column":34}}]}}},"/Users/Chunkywombat/Desktop/src/Unit-2/unit-2-projects/galvanize-q2-group-project/src/server/routes/index.js":{"path":"/Users/Chunkywombat/Desktop/src/Unit-2/unit-2-projects/galvanize-q2-group-project/src/server/routes/index.js","s":{"1":1,"2":1,"3":1,"4":1,"5":1,"6":1,"7":1,"8":1,"9":1,"10":0,"11":1,"12":1,"13":2,"14":2,"15":2,"16":0,"17":1,"18":2,"19":2,"20":2,"21":0,"22":1,"23":0,"24":0,"25":0,"26":0,"27":0,"28":1,"29":0,"30":0,"31":0,"32":0,"33":0,"34":1,"35":0,"36":0,"37":0,"38":0,"39":1,"40":0,"41":0,"42":1,"43":0,"44":0,"45":1,"46":0,"47":0,"48":0,"49":0,"50":0,"51":1},"b":{"1":[0,1],"2":[1,1],"3":[1,1],"4":[0,0],"5":[0,0],"6":[0,0]},"f":{"1":1,"2":2,"3":2,"4":0,"5":0,"6":0,"7":0,"8":0,"9":0},"fnMap":{"1":{"name":"(anonymous_1)","line":8,"loc":{"start":{"line":8,"column":16},"end":{"line":8,"column":42}}},"2":{"name":"(anonymous_2)","line":16,"loc":{"start":{"line":16,"column":25},"end":{"line":16,"column":51}}},"3":{"name":"(anonymous_3)","line":24,"loc":{"start":{"line":24,"column":34},"end":{"line":24,"column":60}}},"4":{"name":"(anonymous_4)","line":32,"loc":{"start":{"line":32,"column":33},"end":{"line":32,"column":59}}},"5":{"name":"(anonymous_5)","line":40,"loc":{"start":{"line":40,"column":61},"end":{"line":40,"column":87}}},"6":{"name":"(anonymous_6)","line":50,"loc":{"start":{"line":50,"column":20},"end":{"line":50,"column":46}}},"7":{"name":"(anonymous_7)","line":59,"loc":{"start":{"line":59,"column":50},"end":{"line":59,"column":76}}},"8":{"name":"(anonymous_8)","line":63,"loc":{"start":{"line":63,"column":49},"end":{"line":63,"column":75}}},"9":{"name":"(anonymous_9)","line":68,"loc":{"start":{"line":68,"column":54},"end":{"line":68,"column":80}}}},"statementMap":{"1":{"start":{"line":1,"column":0},"end":{"line":1,"column":35}},"2":{"start":{"line":2,"column":0},"end":{"line":2,"column":32}},"3":{"start":{"line":3,"column":0},"end":{"line":3,"column":35}},"4":{"start":{"line":4,"column":0},"end":{"line":4,"column":49}},"5":{"start":{"line":5,"column":0},"end":{"line":5,"column":176}},"6":{"start":{"line":6,"column":0},"end":{"line":6,"column":47}},"7":{"start":{"line":8,"column":0},"end":{"line":14,"column":3}},"8":{"start":{"line":9,"column":2},"end":{"line":9,"column":27}},"9":{"start":{"line":10,"column":2},"end":{"line":12,"column":3}},"10":{"start":{"line":11,"column":4},"end":{"line":11,"column":27}},"11":{"start":{"line":13,"column":2},"end":{"line":13,"column":68}},"12":{"start":{"line":16,"column":0},"end":{"line":22,"column":3}},"13":{"start":{"line":17,"column":2},"end":{"line":21,"column":40}},"14":{"start":{"line":19,"column":4},"end":{"line":19,"column":34}},"15":{"start":{"line":20,"column":18},"end":{"line":20,"column":176}},"16":{"start":{"line":21,"column":20},"end":{"line":21,"column":38}},"17":{"start":{"line":24,"column":0},"end":{"line":30,"column":3}},"18":{"start":{"line":25,"column":2},"end":{"line":29,"column":40}},"19":{"start":{"line":27,"column":19},"end":{"line":27,"column":49}},"20":{"start":{"line":28,"column":18},"end":{"line":28,"column":131}},"21":{"start":{"line":29,"column":20},"end":{"line":29,"column":38}},"22":{"start":{"line":32,"column":0},"end":{"line":38,"column":3}},"23":{"start":{"line":33,"column":2},"end":{"line":33,"column":39}},"24":{"start":{"line":34,"column":2},"end":{"line":37,"column":40}},"25":{"start":{"line":35,"column":19},"end":{"line":35,"column":49}},"26":{"start":{"line":36,"column":18},"end":{"line":36,"column":89}},"27":{"start":{"line":37,"column":20},"end":{"line":37,"column":38}},"28":{"start":{"line":40,"column":0},"end":{"line":48,"column":3}},"29":{"start":{"line":41,"column":2},"end":{"line":41,"column":33}},"30":{"start":{"line":42,"column":2},"end":{"line":42,"column":31}},"31":{"start":{"line":43,"column":2},"end":{"line":47,"column":33}},"32":{"start":{"line":45,"column":4},"end":{"line":45,"column":167}},"33":{"start":{"line":47,"column":18},"end":{"line":47,"column":31}},"34":{"start":{"line":50,"column":0},"end":{"line":57,"column":3}},"35":{"start":{"line":51,"column":2},"end":{"line":56,"column":3}},"36":{"start":{"line":52,"column":4},"end":{"line":52,"column":39}},"37":{"start":{"line":54,"column":4},"end":{"line":55,"column":55}},"38":{"start":{"line":55,"column":16},"end":{"line":55,"column":53}},"39":{"start":{"line":59,"column":0},"end":{"line":62,"column":2}},"40":{"start":{"line":60,"column":2},"end":{"line":61,"column":62}},"41":{"start":{"line":61,"column":14},"end":{"line":61,"column":61}},"42":{"start":{"line":63,"column":0},"end":{"line":66,"column":2}},"43":{"start":{"line":64,"column":2},"end":{"line":65,"column":62}},"44":{"start":{"line":65,"column":14},"end":{"line":65,"column":61}},"45":{"start":{"line":68,"column":0},"end":{"line":74,"column":2}},"46":{"start":{"line":69,"column":2},"end":{"line":69,"column":33}},"47":{"start":{"line":70,"column":2},"end":{"line":70,"column":31}},"48":{"start":{"line":71,"column":2},"end":{"line":71,"column":14}},"49":{"start":{"line":72,"column":2},"end":{"line":73,"column":122}},"50":{"start":{"line":73,"column":14},"end":{"line":73,"column":121}},"51":{"start":{"line":76,"column":0},"end":{"line":76,"column":24}}},"branchMap":{"1":{"line":10,"type":"if","locations":[{"start":{"line":10,"column":2},"end":{"line":10,"column":2}},{"start":{"line":10,"column":2},"end":{"line":10,"column":2}}]},"2":{"line":20,"type":"cond-expr","locations":[{"start":{"line":20,"column":32},"end":{"line":20,"column":100}},{"start":{"line":20,"column":104},"end":{"line":20,"column":176}}]},"3":{"line":28,"type":"cond-expr","locations":[{"start":{"line":28,"column":25},"end":{"line":28,"column":97}},{"start":{"line":28,"column":100},"end":{"line":28,"column":131}}]},"4":{"line":45,"type":"cond-expr","locations":[{"start":{"line":45,"column":32},"end":{"line":45,"column":144}},{"start":{"line":45,"column":147},"end":{"line":45,"column":166}}]},"5":{"line":51,"type":"if","locations":[{"start":{"line":51,"column":2},"end":{"line":51,"column":2}},{"start":{"line":51,"column":2},"end":{"line":51,"column":2}}]},"6":{"line":73,"type":"cond-expr","locations":[{"start":{"line":73,"column":42},"end":{"line":73,"column":61}},{"start":{"line":73,"column":64},"end":{"line":73,"column":121}}]}}},"/Users/Chunkywombat/Desktop/src/Unit-2/unit-2-projects/galvanize-q2-group-project/src/server/auth/github.js":{"path":"/Users/Chunkywombat/Desktop/src/Unit-2/unit-2-projects/galvanize-q2-group-project/src/server/auth/github.js","s":{"1":1,"2":1,"3":1,"4":1,"5":1,"6":1,"7":1,"8":1,"9":0,"10":0,"11":0,"12":0,"13":0,"14":0,"15":0,"16":0,"17":0,"18":0,"19":0,"20":1,"21":1},"b":{"1":[0,0]},"f":{},"fnMap":{},"statementMap":{"1":{"start":{"line":1,"column":0},"end":{"line":1,"column":37}},"2":{"start":{"line":2,"column":0},"end":{"line":2,"column":60}},"3":{"start":{"line":3,"column":0},"end":{"line":3,"column":33}},"4":{"start":{"line":4,"column":0},"end":{"line":4,"column":83}},"5":{"start":{"line":5,"column":0},"end":{"line":5,"column":31}},"6":{"start":{"line":6,"column":0},"end":{"line":6,"column":35}},"7":{"start":{"line":7,"column":0},"end":{"line":7,"column":49}},"8":{"start":{"line":9,"column":0},"end":{"line":56,"column":4}},"9":{"start":{"line":15,"column":2},"end":{"line":15,"column":36}},"10":{"start":{"line":17,"column":2},"end":{"line":55,"column":5}},"11":{"start":{"line":23,"column":4},"end":{"line":25,"column":5}},"12":{"start":{"line":24,"column":6},"end":{"line":24,"column":33}},"13":{"start":{"line":27,"column":4},"end":{"line":51,"column":7}},"14":{"start":{"line":33,"column":6},"end":{"line":50,"column":8}},"15":{"start":{"line":35,"column":8},"end":{"line":49,"column":10}},"16":{"start":{"line":41,"column":10},"end":{"line":48,"column":12}},"17":{"start":{"line":44,"column":12},"end":{"line":44,"column":45}},"18":{"start":{"line":47,"column":12},"end":{"line":47,"column":28}},"19":{"start":{"line":54,"column":4},"end":{"line":54,"column":14}},"20":{"start":{"line":59,"column":0},"end":{"line":59,"column":7}},"21":{"start":{"line":61,"column":0},"end":{"line":61,"column":26}}},"branchMap":{"1":{"line":23,"type":"if","locations":[{"start":{"line":23,"column":4},"end":{"line":23,"column":4}},{"start":{"line":23,"column":4},"end":{"line":23,"column":4}}]}}},"/Users/Chunkywombat/Desktop/src/Unit-2/unit-2-projects/galvanize-q2-group-project/src/server/queries/index.js":{"path":"/Users/Chunkywombat/Desktop/src/Unit-2/unit-2-projects/galvanize-q2-group-project/src/server/queries/index.js","s":{"1":1,"2":1,"3":1,"4":1,"5":1,"6":12,"7":1,"8":2,"9":1,"10":1,"11":1,"12":1,"13":2,"14":2,"15":1,"16":2,"17":1,"18":0,"19":0,"20":1,"21":0,"22":0,"23":0,"24":0,"25":0,"26":0,"27":1,"28":0,"29":0,"30":0,"31":1,"32":0,"33":0,"34":0,"35":0,"36":0,"37":0,"38":0,"39":1,"40":5,"41":1,"42":3,"43":1,"44":2,"45":2,"46":2,"47":1,"48":0,"49":0,"50":0,"51":0,"52":0,"53":1,"54":2,"55":1,"56":1,"57":1,"58":4,"59":0,"60":4,"61":1,"62":0,"63":0,"64":0,"65":0,"66":1,"67":0,"68":1,"69":0},"b":{"1":[1,1],"2":[2,1,1],"3":[0,0],"4":[0,0],"5":[1,2],"6":[0,0],"7":[0,0],"8":[1,1],"9":[0,4],"10":[4,0]},"f":{"1":12,"2":2,"3":1,"4":2,"5":0,"6":0,"7":0,"8":0,"9":0,"10":5,"11":3,"12":0,"13":2,"14":4,"15":0,"16":0,"17":0,"18":0},"fnMap":{"1":{"name":"get","line":7,"loc":{"start":{"line":7,"column":0},"end":{"line":7,"column":20}}},"2":{"name":"addUser","line":11,"loc":{"start":{"line":11,"column":0},"end":{"line":11,"column":23}}},"3":{"name":"removeUser","line":24,"loc":{"start":{"line":24,"column":0},"end":{"line":24,"column":31}}},"4":{"name":"checkForms","line":32,"loc":{"start":{"line":32,"column":0},"end":{"line":32,"column":26}}},"5":{"name":"getGithubInfo","line":40,"loc":{"start":{"line":40,"column":0},"end":{"line":40,"column":34}}},"6":{"name":"response","line":46,"loc":{"start":{"line":46,"column":4},"end":{"line":46,"column":46}}},"7":{"name":"projectsApiCalls","line":58,"loc":{"start":{"line":58,"column":0},"end":{"line":58,"column":31}}},"8":{"name":"(anonymous_8)","line":59,"loc":{"start":{"line":59,"column":24},"end":{"line":59,"column":43}}},"9":{"name":"wtf","line":67,"loc":{"start":{"line":67,"column":6},"end":{"line":67,"column":43}}},"10":{"name":"userInDb","line":81,"loc":{"start":{"line":81,"column":0},"end":{"line":81,"column":24}}},"11":{"name":"getProjects","line":85,"loc":{"start":{"line":85,"column":0},"end":{"line":85,"column":27}}},"12":{"name":"checkNewUser","line":96,"loc":{"start":{"line":96,"column":0},"end":{"line":96,"column":28}}},"13":{"name":"compareUser","line":108,"loc":{"start":{"line":108,"column":0},"end":{"line":108,"column":35}}},"14":{"name":"loggedInUser","line":114,"loc":{"start":{"line":114,"column":0},"end":{"line":114,"column":33}}},"15":{"name":"addProjects","line":121,"loc":{"start":{"line":121,"column":0},"end":{"line":121,"column":33}}},"16":{"name":"(anonymous_16)","line":122,"loc":{"start":{"line":122,"column":25},"end":{"line":122,"column":44}}},"17":{"name":"addNewPro","line":137,"loc":{"start":{"line":137,"column":0},"end":{"line":137,"column":25}}},"18":{"name":"updatePro","line":149,"loc":{"start":{"line":149,"column":0},"end":{"line":149,"column":25}}}},"statementMap":{"1":{"start":{"line":1,"column":0},"end":{"line":1,"column":35}},"2":{"start":{"line":2,"column":0},"end":{"line":2,"column":35}},"3":{"start":{"line":3,"column":0},"end":{"line":3,"column":27}},"4":{"start":{"line":4,"column":0},"end":{"line":4,"column":187}},"5":{"start":{"line":7,"column":0},"end":{"line":9,"column":1}},"6":{"start":{"line":8,"column":2},"end":{"line":8,"column":21}},"7":{"start":{"line":11,"column":0},"end":{"line":22,"column":1}},"8":{"start":{"line":12,"column":2},"end":{"line":21,"column":5}},"9":{"start":{"line":24,"column":0},"end":{"line":30,"column":1}},"10":{"start":{"line":25,"column":2},"end":{"line":28,"column":67}},"11":{"start":{"line":29,"column":2},"end":{"line":29,"column":36}},"12":{"start":{"line":32,"column":0},"end":{"line":38,"column":1}},"13":{"start":{"line":33,"column":2},"end":{"line":33,"column":16}},"14":{"start":{"line":34,"column":2},"end":{"line":36,"column":3}},"15":{"start":{"line":35,"column":4},"end":{"line":35,"column":15}},"16":{"start":{"line":37,"column":2},"end":{"line":37,"column":12}},"17":{"start":{"line":40,"column":0},"end":{"line":56,"column":1}},"18":{"start":{"line":41,"column":2},"end":{"line":55,"column":4}},"19":{"start":{"line":42,"column":4},"end":{"line":45,"column":5}},"20":{"start":{"line":46,"column":4},"end":{"line":53,"column":5}},"21":{"start":{"line":47,"column":6},"end":{"line":49,"column":7}},"22":{"start":{"line":48,"column":8},"end":{"line":48,"column":24}},"23":{"start":{"line":50,"column":6},"end":{"line":50,"column":36}},"24":{"start":{"line":51,"column":6},"end":{"line":51,"column":30}},"25":{"start":{"line":52,"column":6},"end":{"line":52,"column":21}},"26":{"start":{"line":54,"column":4},"end":{"line":54,"column":30}},"27":{"start":{"line":58,"column":0},"end":{"line":79,"column":1}},"28":{"start":{"line":59,"column":2},"end":{"line":77,"column":4}},"29":{"start":{"line":60,"column":4},"end":{"line":76,"column":6}},"30":{"start":{"line":61,"column":6},"end":{"line":66,"column":7}},"31":{"start":{"line":67,"column":6},"end":{"line":74,"column":7}},"32":{"start":{"line":68,"column":8},"end":{"line":70,"column":9}},"33":{"start":{"line":69,"column":10},"end":{"line":69,"column":26}},"34":{"start":{"line":71,"column":8},"end":{"line":71,"column":35}},"35":{"start":{"line":72,"column":8},"end":{"line":72,"column":54}},"36":{"start":{"line":73,"column":8},"end":{"line":73,"column":20}},"37":{"start":{"line":75,"column":6},"end":{"line":75,"column":27}},"38":{"start":{"line":78,"column":2},"end":{"line":78,"column":29}},"39":{"start":{"line":81,"column":0},"end":{"line":83,"column":1}},"40":{"start":{"line":82,"column":2},"end":{"line":82,"column":55}},"41":{"start":{"line":85,"column":0},"end":{"line":94,"column":1}},"42":{"start":{"line":86,"column":2},"end":{"line":88,"column":3}},"43":{"start":{"line":87,"column":4},"end":{"line":87,"column":34}},"44":{"start":{"line":89,"column":2},"end":{"line":93,"column":5}},"45":{"start":{"line":91,"column":4},"end":{"line":91,"column":32}},"46":{"start":{"line":92,"column":4},"end":{"line":92,"column":16}},"47":{"start":{"line":96,"column":0},"end":{"line":106,"column":1}},"48":{"start":{"line":97,"column":2},"end":{"line":105,"column":3}},"49":{"start":{"line":98,"column":4},"end":{"line":98,"column":17}},"50":{"start":{"line":100,"column":4},"end":{"line":104,"column":5}},"51":{"start":{"line":101,"column":6},"end":{"line":101,"column":18}},"52":{"start":{"line":103,"column":6},"end":{"line":103,"column":19}},"53":{"start":{"line":108,"column":0},"end":{"line":113,"column":1}},"54":{"start":{"line":109,"column":2},"end":{"line":111,"column":3}},"55":{"start":{"line":110,"column":4},"end":{"line":110,"column":16}},"56":{"start":{"line":112,"column":2},"end":{"line":112,"column":15}},"57":{"start":{"line":114,"column":0},"end":{"line":119,"column":1}},"58":{"start":{"line":115,"column":2},"end":{"line":117,"column":3}},"59":{"start":{"line":116,"column":4},"end":{"line":116,"column":35}},"60":{"start":{"line":118,"column":2},"end":{"line":118,"column":30}},"61":{"start":{"line":121,"column":0},"end":{"line":135,"column":1}},"62":{"start":{"line":122,"column":2},"end":{"line":131,"column":4}},"63":{"start":{"line":123,"column":4},"end":{"line":130,"column":13}},"64":{"start":{"line":132,"column":2},"end":{"line":134,"column":4}},"65":{"start":{"line":133,"column":4},"end":{"line":133,"column":16}},"66":{"start":{"line":137,"column":0},"end":{"line":147,"column":1}},"67":{"start":{"line":138,"column":2},"end":{"line":146,"column":4}},"68":{"start":{"line":149,"column":0},"end":{"line":161,"column":1}},"69":{"start":{"line":150,"column":2},"end":{"line":160,"column":4}}},"branchMap":{"1":{"line":34,"type":"if","locations":[{"start":{"line":34,"column":2},"end":{"line":34,"column":2}},{"start":{"line":34,"column":2},"end":{"line":34,"column":2}}]},"2":{"line":34,"type":"binary-expr","locations":[{"start":{"line":34,"column":6},"end":{"line":34,"column":17}},{"start":{"line":34,"column":21},"end":{"line":34,"column":31}},{"start":{"line":34,"column":35},"end":{"line":34,"column":49}}]},"3":{"line":47,"type":"if","locations":[{"start":{"line":47,"column":6},"end":{"line":47,"column":6}},{"start":{"line":47,"column":6},"end":{"line":47,"column":6}}]},"4":{"line":68,"type":"if","locations":[{"start":{"line":68,"column":8},"end":{"line":68,"column":8}},{"start":{"line":68,"column":8},"end":{"line":68,"column":8}}]},"5":{"line":86,"type":"if","locations":[{"start":{"line":86,"column":2},"end":{"line":86,"column":2}},{"start":{"line":86,"column":2},"end":{"line":86,"column":2}}]},"6":{"line":97,"type":"if","locations":[{"start":{"line":97,"column":2},"end":{"line":97,"column":2}},{"start":{"line":97,"column":2},"end":{"line":97,"column":2}}]},"7":{"line":100,"type":"if","locations":[{"start":{"line":100,"column":4},"end":{"line":100,"column":4}},{"start":{"line":100,"column":4},"end":{"line":100,"column":4}}]},"8":{"line":109,"type":"if","locations":[{"start":{"line":109,"column":2},"end":{"line":109,"column":2}},{"start":{"line":109,"column":2},"end":{"line":109,"column":2}}]},"9":{"line":115,"type":"if","locations":[{"start":{"line":115,"column":2},"end":{"line":115,"column":2}},{"start":{"line":115,"column":2},"end":{"line":115,"column":2}}]},"10":{"line":115,"type":"binary-expr","locations":[{"start":{"line":115,"column":6},"end":{"line":115,"column":14}},{"start":{"line":115,"column":18},"end":{"line":115,"column":33}}]}}},"/Users/Chunkywombat/Desktop/src/Unit-2/unit-2-projects/galvanize-q2-group-project/src/server/auth/init.js":{"path":"/Users/Chunkywombat/Desktop/src/Unit-2/unit-2-projects/galvanize-q2-group-project/src/server/auth/init.js","s":{"1":1,"2":1,"3":1,"4":1,"5":0,"6":1,"7":0,"8":0,"9":0},"b":{},"f":{},"fnMap":{},"statementMap":{"1":{"start":{"line":1,"column":0},"end":{"line":1,"column":37}},"2":{"start":{"line":2,"column":0},"end":{"line":2,"column":35}},"3":{"start":{"line":4,"column":0},"end":{"line":24,"column":2}},"4":{"start":{"line":6,"column":2},"end":{"line":8,"column":5}},"5":{"start":{"line":7,"column":4},"end":{"line":7,"column":24}},"6":{"start":{"line":10,"column":2},"end":{"line":22,"column":5}},"7":{"start":{"line":11,"column":4},"end":{"line":21,"column":7}},"8":{"start":{"line":17,"column":6},"end":{"line":17,"column":26}},"9":{"start":{"line":20,"column":6},"end":{"line":20,"column":16}}},"branchMap":{}},"/Users/Chunkywombat/Desktop/src/Unit-2/unit-2-projects/galvanize-q2-group-project/src/server/auth/helpers.js":{"path":"/Users/Chunkywombat/Desktop/src/Unit-2/unit-2-projects/galvanize-q2-group-project/src/server/auth/helpers.js","s":{"1":1,"2":0,"3":0,"4":0,"5":1,"6":0,"7":0,"8":0,"9":1},"b":{"1":[0,0],"2":[0,0]},"f":{"1":0,"2":0},"fnMap":{"1":{"name":"loginRedirect","line":1,"loc":{"start":{"line":1,"column":0},"end":{"line":1,"column":39}}},"2":{"name":"authRequired","line":9,"loc":{"start":{"line":9,"column":0},"end":{"line":9,"column":38}}}},"statementMap":{"1":{"start":{"line":1,"column":0},"end":{"line":7,"column":1}},"2":{"start":{"line":2,"column":2},"end":{"line":6,"column":3}},"3":{"start":{"line":3,"column":4},"end":{"line":3,"column":49}},"4":{"start":{"line":5,"column":4},"end":{"line":5,"column":18}},"5":{"start":{"line":9,"column":0},"end":{"line":15,"column":1}},"6":{"start":{"line":10,"column":2},"end":{"line":14,"column":3}},"7":{"start":{"line":11,"column":4},"end":{"line":11,"column":26}},"8":{"start":{"line":13,"column":4},"end":{"line":13,"column":18}},"9":{"start":{"line":17,"column":0},"end":{"line":20,"column":2}}},"branchMap":{"1":{"line":2,"type":"if","locations":[{"start":{"line":2,"column":2},"end":{"line":2,"column":2}},{"start":{"line":2,"column":2},"end":{"line":2,"column":2}}]},"2":{"line":10,"type":"if","locations":[{"start":{"line":10,"column":2},"end":{"line":10,"column":2}},{"start":{"line":10,"column":2},"end":{"line":10,"column":2}}]}}},"/Users/Chunkywombat/Desktop/src/Unit-2/unit-2-projects/galvanize-q2-group-project/src/server/routes/auth.js":{"path":"/Users/Chunkywombat/Desktop/src/Unit-2/unit-2-projects/galvanize-q2-group-project/src/server/routes/auth.js","s":{"1":1,"2":1,"3":1,"4":1,"5":1,"6":1,"7":0,"8":1,"9":0,"10":0,"11":1,"12":1,"13":0,"14":0,"15":1},"b":{},"f":{},"fnMap":{},"statementMap":{"1":{"start":{"line":1,"column":0},"end":{"line":1,"column":35}},"2":{"start":{"line":2,"column":0},"end":{"line":2,"column":32}},"3":{"start":{"line":3,"column":0},"end":{"line":3,"column":87}},"4":{"start":{"line":4,"column":0},"end":{"line":4,"column":49}},"5":{"start":{"line":5,"column":0},"end":{"line":5,"column":47}},"6":{"start":{"line":7,"column":0},"end":{"line":9,"column":3}},"7":{"start":{"line":8,"column":2},"end":{"line":8,"column":23}},"8":{"start":{"line":11,"column":0},"end":{"line":15,"column":3}},"9":{"start":{"line":13,"column":2},"end":{"line":13,"column":15}},"10":{"start":{"line":14,"column":2},"end":{"line":14,"column":20}},"11":{"start":{"line":17,"column":0},"end":{"line":22,"column":2}},"12":{"start":{"line":24,"column":0},"end":{"line":29,"column":5}},"13":{"start":{"line":27,"column":4},"end":{"line":28,"column":58}},"14":{"start":{"line":28,"column":20},"end":{"line":28,"column":56}},"15":{"start":{"line":31,"column":0},"end":{"line":31,"column":24}}},"branchMap":{}},"/Users/Chunkywombat/Desktop/src/Unit-2/unit-2-projects/galvanize-q2-group-project/src/server/routes/contact.js":{"path":"/Users/Chunkywombat/Desktop/src/Unit-2/unit-2-projects/galvanize-q2-group-project/src/server/routes/contact.js","s":{"1":1,"2":1,"3":1,"4":1,"5":1,"6":0,"7":0,"8":0,"9":0,"10":0,"11":0,"12":0,"13":0,"14":0,"15":0,"16":1},"b":{},"f":{"1":0},"fnMap":{"1":{"name":"(anonymous_1)","line":21,"loc":{"start":{"line":21,"column":18},"end":{"line":21,"column":44}}}},"statementMap":{"1":{"start":{"line":1,"column":0},"end":{"line":1,"column":35}},"2":{"start":{"line":2,"column":0},"end":{"line":2,"column":32}},"3":{"start":{"line":3,"column":0},"end":{"line":3,"column":35}},"4":{"start":{"line":4,"column":0},"end":{"line":4,"column":59}},"5":{"start":{"line":6,"column":0},"end":{"line":24,"column":3}},"6":{"start":{"line":7,"column":2},"end":{"line":7,"column":37}},"7":{"start":{"line":8,"column":2},"end":{"line":8,"column":40}},"8":{"start":{"line":9,"column":2},"end":{"line":9,"column":57}},"9":{"start":{"line":10,"column":2},"end":{"line":10,"column":53}},"10":{"start":{"line":11,"column":2},"end":{"line":11,"column":52}},"11":{"start":{"line":12,"column":2},"end":{"line":12,"column":72}},"12":{"start":{"line":13,"column":2},"end":{"line":13,"column":69}},"13":{"start":{"line":15,"column":2},"end":{"line":19,"column":5}},"14":{"start":{"line":21,"column":2},"end":{"line":23,"column":5}},"15":{"start":{"line":22,"column":4},"end":{"line":22,"column":41}},"16":{"start":{"line":26,"column":0},"end":{"line":26,"column":24}}},"branchMap":{}},"/Users/Chunkywombat/Desktop/src/Unit-2/unit-2-projects/galvanize-q2-group-project/src/server/db/migrations/20160913095210_users.js":{"path":"/Users/Chunkywombat/Desktop/src/Unit-2/unit-2-projects/galvanize-q2-group-project/src/server/db/migrations/20160913095210_users.js","s":{"1":1,"2":13,"3":13,"4":13,"5":13,"6":13,"7":13,"8":13,"9":13,"10":13,"11":13,"12":13,"13":13,"14":1,"15":13},"b":{},"f":{},"fnMap":{},"statementMap":{"1":{"start":{"line":1,"column":0},"end":{"line":15,"column":2}},"2":{"start":{"line":2,"column":2},"end":{"line":14,"column":5}},"3":{"start":{"line":3,"column":4},"end":{"line":3,"column":23}},"4":{"start":{"line":4,"column":4},"end":{"line":4,"column":52}},"5":{"start":{"line":5,"column":4},"end":{"line":5,"column":56}},"6":{"start":{"line":6,"column":4},"end":{"line":6,"column":25}},"7":{"start":{"line":7,"column":4},"end":{"line":7,"column":26}},"8":{"start":{"line":8,"column":4},"end":{"line":8,"column":28}},"9":{"start":{"line":9,"column":4},"end":{"line":9,"column":29}},"10":{"start":{"line":10,"column":4},"end":{"line":10,"column":36}},"11":{"start":{"line":11,"column":4},"end":{"line":11,"column":51}},"12":{"start":{"line":12,"column":4},"end":{"line":12,"column":27}},"13":{"start":{"line":13,"column":4},"end":{"line":13,"column":31}},"14":{"start":{"line":17,"column":0},"end":{"line":19,"column":2}},"15":{"start":{"line":18,"column":2},"end":{"line":18,"column":40}}},"branchMap":{}},"/Users/Chunkywombat/Desktop/src/Unit-2/unit-2-projects/galvanize-q2-group-project/src/server/db/migrations/20160923114210_projects.js":{"path":"/Users/Chunkywombat/Desktop/src/Unit-2/unit-2-projects/galvanize-q2-group-project/src/server/db/migrations/20160923114210_projects.js","s":{"1":1,"2":13,"3":13,"4":13,"5":13,"6":13,"7":13,"8":13,"9":13,"10":13,"11":1,"12":13},"b":{},"f":{"1":13,"2":13},"fnMap":{"1":{"name":"(anonymous_1)","line":1,"loc":{"start":{"line":1,"column":13},"end":{"line":1,"column":37}}},"2":{"name":"(anonymous_2)","line":14,"loc":{"start":{"line":14,"column":15},"end":{"line":14,"column":39}}}},"statementMap":{"1":{"start":{"line":1,"column":0},"end":{"line":12,"column":2}},"2":{"start":{"line":2,"column":2},"end":{"line":11,"column":5}},"3":{"start":{"line":3,"column":4},"end":{"line":3,"column":23}},"4":{"start":{"line":4,"column":4},"end":{"line":4,"column":31}},"5":{"start":{"line":5,"column":4},"end":{"line":5,"column":33}},"6":{"start":{"line":6,"column":4},"end":{"line":6,"column":30}},"7":{"start":{"line":7,"column":4},"end":{"line":7,"column":34}},"8":{"start":{"line":8,"column":4},"end":{"line":8,"column":33}},"9":{"start":{"line":9,"column":4},"end":{"line":9,"column":30}},"10":{"start":{"line":10,"column":4},"end":{"line":10,"column":48}},"11":{"start":{"line":14,"column":0},"end":{"line":16,"column":2}},"12":{"start":{"line":15,"column":2},"end":{"line":15,"column":43}}},"branchMap":{}},"/Users/Chunkywombat/Desktop/src/Unit-2/unit-2-projects/galvanize-q2-group-project/src/server/db/seeds/00_dummy_user.js":{"path":"/Users/Chunkywombat/Desktop/src/Unit-2/unit-2-projects/galvanize-q2-group-project/src/server/db/seeds/00_dummy_user.js","s":{"1":1,"2":13,"3":13},"b":{},"f":{"1":13,"2":13},"fnMap":{"1":{"name":"(anonymous_1)","line":2,"loc":{"start":{"line":2,"column":15},"end":{"line":2,"column":39}}},"2":{"name":"(anonymous_2)","line":5,"loc":{"start":{"line":5,"column":10},"end":{"line":5,"column":22}}}},"statementMap":{"1":{"start":{"line":2,"column":0},"end":{"line":20,"column":2}},"2":{"start":{"line":4,"column":2},"end":{"line":19,"column":7}},"3":{"start":{"line":6,"column":6},"end":{"line":18,"column":9}}},"branchMap":{}},"/Users/Chunkywombat/Desktop/src/Unit-2/unit-2-projects/galvanize-q2-group-project/src/server/db/seeds/01_dummy_project.js":{"path":"/Users/Chunkywombat/Desktop/src/Unit-2/unit-2-projects/galvanize-q2-group-project/src/server/db/seeds/01_dummy_project.js","s":{"1":1,"2":13,"3":13},"b":{},"f":{"1":13,"2":13},"fnMap":{"1":{"name":"(anonymous_1)","line":2,"loc":{"start":{"line":2,"column":15},"end":{"line":2,"column":39}}},"2":{"name":"(anonymous_2)","line":5,"loc":{"start":{"line":5,"column":10},"end":{"line":5,"column":22}}}},"statementMap":{"1":{"start":{"line":2,"column":0},"end":{"line":19,"column":2}},"2":{"start":{"line":4,"column":2},"end":{"line":18,"column":7}},"3":{"start":{"line":6,"column":6},"end":{"line":17,"column":9}}},"branchMap":{}}}