TN:
SF:/Users/Chunkywombat/Desktop/src/Unit-2/unit-2-projects/galvanize-q2-group-project/src/server/db/knex.js
FNF:0
FNH:0
DA:1,1
DA:2,1
DA:3,1
LF:3
LH:3
BRF:0
BRH:0
end_of_record
TN:
SF:/Users/Chunkywombat/Desktop/src/Unit-2/unit-2-projects/galvanize-q2-group-project/knexfile.js
FNF:0
FNH:0
DA:1,1
DA:3,1
LF:2
LH:2
BRF:0
BRH:0
end_of_record
TN:
SF:/Users/Chunkywombat/Desktop/src/Unit-2/unit-2-projects/galvanize-q2-group-project/src/server/app.js
FN:1,(anonymous_1)
FNF:1
FNH:1
FNDA:1,(anonymous_1)
DA:1,1
DA:6,1
DA:8,1
DA:9,1
DA:10,1
DA:13,1
DA:16,1
DA:17,1
DA:18,1
DA:20,1
LF:10
LH:10
BRF:0
BRH:0
end_of_record
TN:
SF:/Users/Chunkywombat/Desktop/src/Unit-2/unit-2-projects/galvanize-q2-group-project/src/server/config/main-config.js
FN:1,(anonymous_1)
FN:23,(anonymous_2)
FN:30,(anonymous_3)
FNF:3
FNH:2
FNDA:1,(anonymous_1)
FNDA:1,(anonymous_2)
FNDA:0,(anonymous_3)
DA:1,1
DA:6,1
DA:7,1
DA:8,1
DA:9,1
DA:10,1
DA:11,1
DA:12,1
DA:13,1
DA:16,1
DA:21,1
DA:23,1
DA:26,1
DA:30,1
DA:31,0
DA:33,1
DA:36,1
DA:37,0
DA:39,1
DA:40,1
DA:41,1
DA:43,1
DA:48,1
DA:49,1
DA:50,1
DA:51,1
LF:26
LH:24
BRDA:36,1,0,0
BRDA:36,1,1,1
BRF:2
BRH:1
end_of_record
TN:
SF:/Users/Chunkywombat/Desktop/src/Unit-2/unit-2-projects/galvanize-q2-group-project/src/server/config/route-config.js
FN:1,(anonymous_1)
FN:5,(anonymous_2)
FNF:2
FNH:2
FNDA:1,(anonymous_1)
FNDA:1,(anonymous_2)
DA:1,1
DA:5,1
DA:8,1
DA:9,1
DA:10,1
DA:13,1
DA:14,1
DA:15,1
LF:8
LH:8
BRF:0
BRH:0
end_of_record
TN:
SF:/Users/Chunkywombat/Desktop/src/Unit-2/unit-2-projects/galvanize-q2-group-project/src/server/config/error-config.js
FN:1,(anonymous_1)
FN:7,(anonymous_2)
FN:10,(anonymous_3)
FN:18,(anonymous_4)
FN:27,(anonymous_5)
FNF:5
FNH:2
FNDA:1,(anonymous_1)
FNDA:1,(anonymous_2)
FNDA:0,(anonymous_3)
FNDA:0,(anonymous_4)
FNDA:0,(anonymous_5)
DA:1,1
DA:7,1
DA:10,1
DA:11,0
DA:12,0
DA:13,0
DA:17,1
DA:18,0
DA:19,0
DA:27,1
DA:28,0
LF:11
LH:5
BRDA:17,1,0,0
BRDA:17,1,1,1
BRDA:19,2,0,0
BRDA:19,2,1,0
BRDA:28,3,0,0
BRDA:28,3,1,0
BRF:6
BRH:1
end_of_record
TN:
SF:/Users/Chunkywombat/Desktop/src/Unit-2/unit-2-projects/galvanize-q2-group-project/src/server/routes/index.js
FN:9,(anonymous_1)
FN:17,(anonymous_2)
FN:25,(anonymous_3)
FN:33,(anonymous_4)
FN:41,(anonymous_5)
FN:51,(anonymous_6)
FN:60,(anonymous_7)
FN:65,(anonymous_8)
FN:70,(anonymous_9)
FN:84,(anonymous_10)
FN:92,(anonymous_11)
FNF:11
FNH:3
FNDA:1,(anonymous_1)
FNDA:2,(anonymous_2)
FNDA:2,(anonymous_3)
FNDA:0,(anonymous_4)
FNDA:0,(anonymous_5)
FNDA:0,(anonymous_6)
FNDA:0,(anonymous_7)
FNDA:0,(anonymous_8)
FNDA:0,(anonymous_9)
FNDA:0,(anonymous_10)
FNDA:0,(anonymous_11)
DA:1,1
DA:2,1
DA:3,1
DA:4,1
DA:5,1
DA:6,1
DA:7,1
DA:9,1
DA:10,1
DA:11,1
DA:12,0
DA:14,1
DA:17,1
DA:18,2
DA:20,2
DA:21,2
DA:22,0
DA:25,1
DA:26,2
DA:28,2
DA:29,2
DA:30,0
DA:33,1
DA:34,0
DA:35,0
DA:36,0
DA:37,0
DA:38,0
DA:41,1
DA:42,0
DA:43,0
DA:44,0
DA:46,0
DA:48,0
DA:51,1
DA:52,0
DA:53,0
DA:55,0
DA:56,0
DA:60,1
DA:61,0
DA:62,0
DA:65,1
DA:66,0
DA:67,0
DA:70,1
DA:71,0
DA:74,0
DA:77,0
DA:80,0
DA:84,1
DA:85,0
DA:86,0
DA:87,0
DA:88,0
DA:89,0
DA:92,1
DA:93,0
DA:94,0
DA:97,1
LF:60
LH:28
BRDA:11,1,0,0
BRDA:11,1,1,1
BRDA:21,2,0,1
BRDA:21,2,1,1
BRDA:29,3,0,1
BRDA:29,3,1,1
BRDA:46,4,0,0
BRDA:46,4,1,0
BRDA:52,5,0,0
BRDA:52,5,1,0
BRDA:89,6,0,0
BRDA:89,6,1,0
BRF:12
BRH:5
end_of_record
TN:
SF:/Users/Chunkywombat/Desktop/src/Unit-2/unit-2-projects/galvanize-q2-group-project/src/server/auth/github.js
FNF:0
FNH:0
DA:1,1
DA:2,1
DA:3,1
DA:4,1
DA:5,1
DA:6,1
DA:7,1
DA:9,1
DA:15,0
DA:17,0
DA:23,0
DA:24,0
DA:27,0
DA:33,0
DA:35,0
DA:41,0
DA:44,0
DA:47,0
DA:54,0
DA:59,1
DA:61,1
LF:21
LH:10
BRDA:23,1,0,0
BRDA:23,1,1,0
BRF:2
BRH:0
end_of_record
TN:
SF:/Users/Chunkywombat/Desktop/src/Unit-2/unit-2-projects/galvanize-q2-group-project/src/server/queries/index.js
FN:7,get
FN:11,addUser
FN:25,removeUser
FN:33,checkForms
FN:41,getGithubInfo
FN:47,response
FN:59,projectsApiCalls
FN:60,(anonymous_8)
FN:68,wtf
FN:82,userInDb
FN:86,getProjects
FN:97,checkNewUser
FN:109,compareUser
FN:115,loggedInUser
FN:122,addProjects
FN:123,(anonymous_16)
FN:138,addNewPro
FN:153,updatePro
FN:167,removePro
FNF:19
FNH:8
FNDA:12,get
FNDA:2,addUser
FNDA:1,removeUser
FNDA:2,checkForms
FNDA:0,getGithubInfo
FNDA:0,response
FNDA:0,projectsApiCalls
FNDA:0,(anonymous_8)
FNDA:0,wtf
FNDA:5,userInDb
FNDA:3,getProjects
FNDA:0,checkNewUser
FNDA:2,compareUser
FNDA:4,loggedInUser
FNDA:0,addProjects
FNDA:0,(anonymous_16)
FNDA:0,addNewPro
FNDA:0,updatePro
FNDA:0,removePro
DA:1,1
DA:2,1
DA:3,1
DA:4,1
DA:7,1
DA:8,12
DA:11,1
DA:12,2
DA:25,1
DA:26,1
DA:30,1
DA:33,1
DA:34,2
DA:35,2
DA:36,1
DA:38,2
DA:41,1
DA:42,0
DA:43,0
DA:47,1
DA:48,0
DA:49,0
DA:51,0
DA:52,0
DA:53,0
DA:55,0
DA:59,1
DA:60,0
DA:61,0
DA:62,0
DA:68,1
DA:69,0
DA:70,0
DA:72,0
DA:73,0
DA:74,0
DA:76,0
DA:79,0
DA:82,1
DA:83,5
DA:86,1
DA:87,3
DA:88,1
DA:90,2
DA:92,2
DA:93,2
DA:97,1
DA:98,0
DA:99,0
DA:101,0
DA:102,0
DA:104,0
DA:109,1
DA:110,2
DA:111,1
DA:113,1
DA:115,1
DA:116,4
DA:117,0
DA:119,4
DA:122,1
DA:123,0
DA:124,0
DA:133,0
DA:134,0
DA:138,1
DA:139,0
DA:140,0
DA:142,0
DA:153,1
DA:154,0
DA:167,1
DA:168,0
LF:73
LH:40
BRDA:35,1,0,1
BRDA:35,1,1,1
BRDA:35,2,0,2
BRDA:35,2,1,1
BRDA:35,2,2,1
BRDA:48,3,0,0
BRDA:48,3,1,0
BRDA:69,4,0,0
BRDA:69,4,1,0
BRDA:87,5,0,1
BRDA:87,5,1,2
BRDA:98,6,0,0
BRDA:98,6,1,0
BRDA:101,7,0,0
BRDA:101,7,1,0
BRDA:110,8,0,1
BRDA:110,8,1,1
BRDA:116,9,0,0
BRDA:116,9,1,4
BRDA:116,10,0,4
BRDA:116,10,1,0
BRDA:139,11,0,0
BRDA:139,11,1,0
BRF:23
BRH:11
end_of_record
TN:
SF:/Users/Chunkywombat/Desktop/src/Unit-2/unit-2-projects/galvanize-q2-group-project/src/server/auth/init.js
FNF:0
FNH:0
DA:1,1
DA:2,1
DA:4,1
DA:6,1
DA:7,0
DA:10,1
DA:11,0
DA:17,0
DA:20,0
LF:9
LH:5
BRF:0
BRH:0
end_of_record
TN:
SF:/Users/Chunkywombat/Desktop/src/Unit-2/unit-2-projects/galvanize-q2-group-project/src/server/auth/helpers.js
FN:1,loginRedirect
FN:9,authRequired
FNF:2
FNH:0
FNDA:0,loginRedirect
FNDA:0,authRequired
DA:1,1
DA:2,0
DA:3,0
DA:5,0
DA:9,1
DA:10,0
DA:11,0
DA:13,0
DA:17,1
LF:9
LH:3
BRDA:2,1,0,0
BRDA:2,1,1,0
BRDA:10,2,0,0
BRDA:10,2,1,0
BRF:4
BRH:0
end_of_record
TN:
SF:/Users/Chunkywombat/Desktop/src/Unit-2/unit-2-projects/galvanize-q2-group-project/src/server/routes/auth.js
FNF:0
FNH:0
DA:1,1
DA:2,1
DA:3,1
DA:4,1
DA:5,1
DA:7,1
DA:8,0
DA:11,1
DA:13,0
DA:14,0
DA:17,1
DA:24,1
DA:27,0
DA:28,0
DA:31,1
LF:15
LH:10
BRF:0
BRH:0
end_of_record
TN:
SF:/Users/Chunkywombat/Desktop/src/Unit-2/unit-2-projects/galvanize-q2-group-project/src/server/routes/contact.js
FN:21,(anonymous_1)
FNF:1
FNH:0
FNDA:0,(anonymous_1)
DA:1,1
DA:2,1
DA:3,1
DA:4,1
DA:6,1
DA:7,0
DA:8,0
DA:9,0
DA:10,0
DA:11,0
DA:12,0
DA:13,0
DA:15,0
DA:21,0
DA:22,0
DA:26,1
LF:16
LH:6
BRF:0
BRH:0
end_of_record
TN:
SF:/Users/Chunkywombat/Desktop/src/Unit-2/unit-2-projects/galvanize-q2-group-project/src/server/db/migrations/20160913095210_users.js
FNF:0
FNH:0
DA:1,1
DA:2,13
DA:3,13
DA:4,13
DA:5,13
DA:6,13
DA:7,13
DA:8,13
DA:9,13
DA:10,13
DA:11,13
DA:12,13
DA:13,13
DA:17,1
DA:18,13
LF:15
LH:15
BRF:0
BRH:0
end_of_record
TN:
SF:/Users/Chunkywombat/Desktop/src/Unit-2/unit-2-projects/galvanize-q2-group-project/src/server/db/migrations/20160923114210_projects.js
FN:1,(anonymous_1)
FN:14,(anonymous_2)
FNF:2
FNH:2
FNDA:13,(anonymous_1)
FNDA:13,(anonymous_2)
DA:1,1
DA:2,13
DA:3,13
DA:4,13
DA:5,13
DA:6,13
DA:7,13
DA:8,13
DA:9,13
DA:10,13
DA:14,1
DA:15,13
LF:12
LH:12
BRF:0
BRH:0
end_of_record
TN:
SF:/Users/Chunkywombat/Desktop/src/Unit-2/unit-2-projects/galvanize-q2-group-project/src/server/db/seeds/00_dummy_user.js
FN:2,(anonymous_1)
FN:5,(anonymous_2)
FNF:2
FNH:2
FNDA:13,(anonymous_1)
FNDA:13,(anonymous_2)
DA:2,1
DA:4,13
DA:6,13
LF:3
LH:3
BRF:0
BRH:0
end_of_record
TN:
SF:/Users/Chunkywombat/Desktop/src/Unit-2/unit-2-projects/galvanize-q2-group-project/src/server/db/seeds/01_dummy_project.js
FN:2,(anonymous_1)
FN:5,(anonymous_2)
FNF:2
FNH:2
FNDA:13,(anonymous_1)
FNDA:13,(anonymous_2)
DA:2,1
DA:4,13
DA:6,13
LF:3
LH:3
BRF:0
BRH:0
end_of_record
