TN:
SF:/Users/tommygaessler/galvanize/projects/unit-2/sitekite/src/server/db/knex.js
FNF:0
FNH:0
DA:1,1
DA:2,1
DA:3,1
LF:3
LH:3
BRF:0
BRH:0
end_of_record
TN:
SF:/Users/tommygaessler/galvanize/projects/unit-2/sitekite/knexfile.js
FNF:0
FNH:0
DA:1,1
DA:3,1
LF:2
LH:2
BRF:0
BRH:0
end_of_record
TN:
SF:/Users/tommygaessler/galvanize/projects/unit-2/sitekite/src/server/queries/index.js
FN:7,get
FN:11,addUser
FN:24,validateurl
FN:35,removeUser
FN:43,checkForms
FN:51,getGithubInfo
FN:57,response
FN:69,projectsApiCalls
FN:70,(anonymous_9)
FN:78,wtf
FN:92,userInDb
FN:96,getProjects
FN:107,checkNewUser
FN:119,compareUser
FN:125,loggedInUser
FN:132,addProjects
FN:133,(anonymous_17)
FN:148,addNewPro
FN:163,updatePro
FN:177,removePro
FNF:20
FNH:8
FNDA:13,get
FNDA:2,addUser
FNDA:0,validateurl
FNDA:1,removeUser
FNDA:3,checkForms
FNDA:0,getGithubInfo
FNDA:0,response
FNDA:0,projectsApiCalls
FNDA:0,(anonymous_9)
FNDA:0,wtf
FNDA:5,userInDb
FNDA:4,getProjects
FNDA:0,checkNewUser
FNDA:3,compareUser
FNDA:4,loggedInUser
FNDA:0,addProjects
FNDA:0,(anonymous_17)
FNDA:0,addNewPro
FNDA:0,updatePro
FNDA:0,removePro
DA:1,1
DA:2,1
DA:3,1
DA:4,1
DA:7,1
DA:8,13
DA:11,1
DA:12,2
DA:24,1
DA:25,0
DA:26,0
DA:27,0
DA:29,0
DA:35,1
DA:36,1
DA:40,1
DA:43,1
DA:44,3
DA:45,3
DA:46,2
DA:48,3
DA:51,1
DA:52,0
DA:53,0
DA:57,1
DA:58,0
DA:59,0
DA:61,0
DA:62,0
DA:63,0
DA:65,0
DA:69,1
DA:70,0
DA:71,0
DA:72,0
DA:78,1
DA:79,0
DA:80,0
DA:82,0
DA:83,0
DA:84,0
DA:86,0
DA:89,0
DA:92,1
DA:93,5
DA:96,1
DA:97,4
DA:98,1
DA:100,3
DA:102,3
DA:103,3
DA:107,1
DA:108,0
DA:109,0
DA:111,0
DA:112,0
DA:114,0
DA:119,1
DA:120,3
DA:121,2
DA:123,1
DA:125,1
DA:126,4
DA:127,0
DA:129,4
DA:132,1
DA:133,0
DA:134,0
DA:143,0
DA:144,0
DA:148,1
DA:149,0
DA:150,0
DA:152,0
DA:163,1
DA:164,0
DA:177,1
DA:178,0
LF:78
LH:41
BRDA:25,1,0,0
BRDA:25,1,1,0
BRDA:26,2,0,0
BRDA:26,2,1,0
BRDA:26,3,0,0
BRDA:26,3,1,0
BRDA:45,4,0,2
BRDA:45,4,1,1
BRDA:45,5,0,3
BRDA:45,5,1,1
BRDA:45,5,2,1
BRDA:58,6,0,0
BRDA:58,6,1,0
BRDA:79,7,0,0
BRDA:79,7,1,0
BRDA:97,8,0,1
BRDA:97,8,1,3
BRDA:108,9,0,0
BRDA:108,9,1,0
BRDA:111,10,0,0
BRDA:111,10,1,0
BRDA:120,11,0,2
BRDA:120,11,1,1
BRDA:126,12,0,0
BRDA:126,12,1,4
BRDA:126,13,0,4
BRDA:126,13,1,0
BRDA:149,14,0,0
BRDA:149,14,1,0
BRF:29
BRH:11
end_of_record
TN:
SF:/Users/tommygaessler/galvanize/projects/unit-2/sitekite/src/server/app.js
FN:1,(anonymous_1)
FNF:1
FNH:1
FNDA:1,(anonymous_1)
DA:1,1
DA:6,1
DA:8,1
DA:9,1
DA:10,1
DA:13,1
DA:16,1
DA:17,1
DA:18,1
DA:20,1
LF:10
LH:10
BRF:0
BRH:0
end_of_record
TN:
SF:/Users/tommygaessler/galvanize/projects/unit-2/sitekite/src/server/config/main-config.js
FN:1,(anonymous_1)
FN:24,(anonymous_2)
FN:31,(anonymous_3)
FNF:3
FNH:3
FNDA:1,(anonymous_1)
FNDA:1,(anonymous_2)
FNDA:6,(anonymous_3)
DA:1,1
DA:6,1
DA:7,1
DA:8,1
DA:9,1
DA:10,1
DA:11,1
DA:12,1
DA:13,1
DA:16,1
DA:22,1
DA:24,1
DA:27,1
DA:31,1
DA:32,6
DA:34,1
DA:37,1
DA:38,0
DA:40,1
DA:41,1
DA:42,1
DA:44,1
DA:49,1
DA:50,1
DA:51,1
DA:52,1
LF:26
LH:25
BRDA:37,1,0,0
BRDA:37,1,1,1
BRF:2
BRH:1
end_of_record
TN:
SF:/Users/tommygaessler/galvanize/projects/unit-2/sitekite/src/server/config/route-config.js
FN:1,(anonymous_1)
FN:5,(anonymous_2)
FNF:2
FNH:2
FNDA:1,(anonymous_1)
FNDA:1,(anonymous_2)
DA:1,1
DA:5,1
DA:8,1
DA:9,1
DA:10,1
DA:13,1
DA:14,1
DA:15,1
LF:8
LH:8
BRF:0
BRH:0
end_of_record
TN:
SF:/Users/tommygaessler/galvanize/projects/unit-2/sitekite/src/server/config/error-config.js
FN:1,(anonymous_1)
FN:7,(anonymous_2)
FN:10,(anonymous_3)
FN:18,(anonymous_4)
FN:27,(anonymous_5)
FNF:5
FNH:2
FNDA:1,(anonymous_1)
FNDA:1,(anonymous_2)
FNDA:0,(anonymous_3)
FNDA:0,(anonymous_4)
FNDA:0,(anonymous_5)
DA:1,1
DA:7,1
DA:10,1
DA:11,0
DA:12,0
DA:13,0
DA:17,1
DA:18,0
DA:19,0
DA:27,1
DA:28,0
LF:11
LH:5
BRDA:17,1,0,0
BRDA:17,1,1,1
BRDA:19,2,0,0
BRDA:19,2,1,0
BRDA:28,3,0,0
BRDA:28,3,1,0
BRF:6
BRH:1
end_of_record
TN:
SF:/Users/tommygaessler/galvanize/projects/unit-2/sitekite/src/server/routes/index.js
FN:9,(anonymous_1)
FN:17,(anonymous_2)
FN:24,(anonymous_3)
FN:32,(anonymous_4)
FN:39,(anonymous_5)
FN:47,(anonymous_6)
FN:56,(anonymous_7)
FN:61,(anonymous_8)
FN:66,(anonymous_9)
FN:80,(anonymous_10)
FN:88,(anonymous_11)
FNF:11
FNH:5
FNDA:2,(anonymous_1)
FNDA:2,(anonymous_2)
FNDA:2,(anonymous_3)
FNDA:0,(anonymous_4)
FNDA:1,(anonymous_5)
FNDA:1,(anonymous_6)
FNDA:0,(anonymous_7)
FNDA:0,(anonymous_8)
FNDA:0,(anonymous_9)
FNDA:0,(anonymous_10)
FNDA:0,(anonymous_11)
DA:1,1
DA:2,1
DA:3,1
DA:4,1
DA:5,1
DA:6,1
DA:7,1
DA:9,1
DA:10,2
DA:11,2
DA:12,0
DA:14,2
DA:17,1
DA:18,2
DA:19,2
DA:20,2
DA:21,0
DA:24,1
DA:25,2
DA:27,2
DA:28,2
DA:29,0
DA:32,1
DA:33,0
DA:34,0
DA:35,0
DA:36,0
DA:39,1
DA:40,1
DA:41,1
DA:42,1
DA:43,1
DA:44,0
DA:47,1
DA:48,1
DA:49,1
DA:51,0
DA:52,0
DA:56,1
DA:57,0
DA:58,0
DA:61,1
DA:62,0
DA:63,0
DA:66,1
DA:67,0
DA:70,0
DA:73,0
DA:76,0
DA:80,1
DA:81,0
DA:82,0
DA:83,0
DA:84,0
DA:85,0
DA:88,1
DA:89,0
DA:90,0
DA:93,1
LF:59
LH:34
BRDA:11,1,0,0
BRDA:11,1,1,2
BRDA:20,2,0,1
BRDA:20,2,1,1
BRDA:28,3,0,1
BRDA:28,3,1,1
BRDA:43,4,0,1
BRDA:43,4,1,0
BRDA:48,5,0,1
BRDA:48,5,1,0
BRDA:85,6,0,0
BRDA:85,6,1,0
BRF:12
BRH:7
end_of_record
TN:
SF:/Users/tommygaessler/galvanize/projects/unit-2/sitekite/src/server/auth/github.js
FNF:0
FNH:0
DA:1,1
DA:2,1
DA:3,1
DA:4,1
DA:5,1
DA:6,1
DA:7,1
DA:8,1
DA:10,1
DA:16,0
DA:18,0
DA:24,0
DA:25,0
DA:28,0
DA:34,0
DA:36,0
DA:43,0
DA:46,0
DA:49,0
DA:56,0
DA:61,1
DA:63,1
LF:22
LH:11
BRDA:24,1,0,0
BRDA:24,1,1,0
BRF:2
BRH:0
end_of_record
TN:
SF:/Users/tommygaessler/galvanize/projects/unit-2/sitekite/src/server/auth/init.js
FNF:0
FNH:0
DA:1,1
DA:2,1
DA:4,1
DA:6,1
DA:7,0
DA:10,1
DA:11,0
DA:17,0
DA:20,0
LF:9
LH:5
BRF:0
BRH:0
end_of_record
TN:
SF:/Users/tommygaessler/galvanize/projects/unit-2/sitekite/src/server/auth/helpers.js
FN:1,loginRedirect
FN:9,authRequired
FNF:2
FNH:1
FNDA:0,loginRedirect
FNDA:3,authRequired
DA:1,1
DA:2,0
DA:3,0
DA:5,0
DA:9,1
DA:10,3
DA:11,2
DA:13,1
DA:17,1
LF:9
LH:6
BRDA:2,1,0,0
BRDA:2,1,1,0
BRDA:10,2,0,2
BRDA:10,2,1,1
BRF:4
BRH:2
end_of_record
TN:
SF:/Users/tommygaessler/galvanize/projects/unit-2/sitekite/src/server/routes/auth.js
FNF:0
FNH:0
DA:1,1
DA:2,1
DA:3,1
DA:4,1
DA:5,1
DA:7,1
DA:8,2
DA:11,1
DA:13,1
DA:14,1
DA:17,1
DA:24,1
DA:27,0
DA:28,0
DA:31,1
LF:15
LH:13
BRF:0
BRH:0
end_of_record
TN:
SF:/Users/tommygaessler/galvanize/projects/unit-2/sitekite/src/server/routes/contact.js
FN:23,(anonymous_1)
FNF:1
FNH:0
FNDA:0,(anonymous_1)
DA:1,1
DA:2,1
DA:3,1
DA:4,1
DA:6,1
DA:8,0
DA:9,0
DA:10,0
DA:11,0
DA:12,0
DA:13,0
DA:14,0
DA:15,0
DA:17,0
DA:23,0
DA:24,0
DA:28,1
LF:17
LH:6
BRF:0
BRH:0
end_of_record
TN:
SF:/Users/tommygaessler/galvanize/projects/unit-2/sitekite/src/server/db/migrations/20160913095210_users.js
FNF:0
FNH:0
DA:1,1
DA:2,16
DA:3,16
DA:4,16
DA:5,16
DA:6,16
DA:7,16
DA:8,16
DA:9,16
DA:10,16
DA:11,16
DA:12,16
DA:13,16
DA:17,1
DA:18,16
LF:15
LH:15
BRF:0
BRH:0
end_of_record
TN:
SF:/Users/tommygaessler/galvanize/projects/unit-2/sitekite/src/server/db/migrations/20160923114210_projects.js
FN:1,(anonymous_1)
FN:14,(anonymous_2)
FNF:2
FNH:2
FNDA:16,(anonymous_1)
FNDA:16,(anonymous_2)
DA:1,1
DA:2,16
DA:3,16
DA:4,16
DA:5,16
DA:6,16
DA:7,16
DA:8,16
DA:9,16
DA:10,16
DA:14,1
DA:15,16
LF:12
LH:12
BRF:0
BRH:0
end_of_record
TN:
SF:/Users/tommygaessler/galvanize/projects/unit-2/sitekite/src/server/db/seeds/00_dummy_user.js
FN:2,(anonymous_1)
FN:5,(anonymous_2)
FNF:2
FNH:2
FNDA:16,(anonymous_1)
FNDA:16,(anonymous_2)
DA:2,1
DA:4,16
DA:6,16
LF:3
LH:3
BRF:0
BRH:0
end_of_record
TN:
SF:/Users/tommygaessler/galvanize/projects/unit-2/sitekite/src/server/db/seeds/01_dummy_project.js
FN:2,(anonymous_1)
FN:5,(anonymous_2)
FNF:2
FNH:2
FNDA:16,(anonymous_1)
FNDA:16,(anonymous_2)
DA:2,1
DA:4,16
DA:6,16
LF:3
LH:3
BRF:0
BRH:0
end_of_record
